# JRE version: OpenJDK Runtime Environment (21.0.8+9) (build 21.0.8+9-Ubuntu-0ubuntu124.04.1)
# Java VM: OpenJDK 64-Bit Server VM (21.0.8+9-Ubuntu-0ubuntu124.04.1, mixed mode, sharing, tiered, compressed oops, compressed class ptrs, g1 gc, linux-amd64)
GC Precious Log:
 CardTable entry size: 512
 Card Set container configuration: InlinePtr #cards 5 size 8 Array Of Cards #cards 12 size 40 Howl #buckets 4 coarsen threshold 1843 Howl Bitmap #cards 512 size 80 coarsen threshold 460 Card regions per heap region 1 cards per card region 2048
 CPUs: 16 total, 16 available
 Memory: 15685M
 Large Page Support: Disabled
 NUMA Support: Disabled
 Compressed Oops: Enabled (32-bit)
 Heap Region Size: 1M
 Heap Min Capacity: 64M
 Heap Initial Capacity: 64M
 Heap Max Capacity: 512M
 Pre-touch: Disabled
 Parallel Workers: 13
 Concurrent Workers: 3
 Concurrent Refinement Workers: 13
 Periodic GC: Disabled
Heap:
 garbage-first heap   total 69632K, used 32076K [0x00000000e0000000, 0x0000000100000000)
  region size 1024K, 3 young (3072K), 2 survivors (2048K)
 Metaspace       used 22211K, committed 22528K, reserved 1114112K
  class space    used 2317K, committed 2432K, reserved 1048576K
GC Heap History (20 events):
Event: 141,831 GC heap before
{Heap before GC invocations=18 (full 0):
 garbage-first heap   total 69632K, used 62393K [0x00000000e0000000, 0x0000000100000000)
  region size 1024K, 34 young (34816K), 2 survivors (2048K)
 Metaspace       used 22071K, committed 22400K, reserved 1114112K
  class space    used 2303K, committed 2432K, reserved 1048576K
}
Event: 141,832 GC heap after
{Heap after GC invocations=19 (full 0):
 garbage-first heap   total 69632K, used 23213K [0x00000000e0000000, 0x0000000100000000)
  region size 1024K, 2 young (2048K), 2 survivors (2048K)
 Metaspace       used 22071K, committed 22400K, reserved 1114112K
  class space    used 2303K, committed 2432K, reserved 1048576K
}
Event: 144,679 GC heap before
{Heap before GC invocations=19 (full 0):
 garbage-first heap   total 69632K, used 47789K [0x00000000e0000000, 0x0000000100000000)
  region size 1024K, 19 young (19456K), 2 survivors (2048K)
 Metaspace       used 22093K, committed 22400K, reserved 1114112K
  class space    used 2303K, committed 2432K, reserved 1048576K
}
Event: 144,680 GC heap after
{Heap after GC invocations=20 (full 0):
 garbage-first heap   total 69632K, used 31129K [0x00000000e0000000, 0x0000000100000000)
  region size 1024K, 3 young (3072K), 3 survivors (3072K)
 Metaspace       used 22093K, committed 22400K, reserved 1114112K
  class space    used 2303K, committed 2432K, reserved 1048576K
}
Event: 144,713 GC heap before
{Heap before GC invocations=20 (full 0):
 garbage-first heap   total 69632K, used 32153K [0x00000000e0000000, 0x0000000100000000)
  region size 1024K, 4 young (4096K), 3 survivors (3072K)
 Metaspace       used 22093K, committed 22400K, reserved 1114112K
  class space    used 2303K, committed 2432K, reserved 1048576K
}
Event: 144,714 GC heap after
{Heap after GC invocations=21 (full 0):
 garbage-first heap   total 69632K, used 24800K [0x00000000e0000000, 0x0000000100000000)
  region size 1024K, 2 young (2048K), 2 survivors (2048K)
 Metaspace       used 22093K, committed 22400K, reserved 1114112K
  class space    used 2303K, committed 2432K, reserved 1048576K
}
Event: 144,870 GC heap before
{Heap before GC invocations=21 (full 0):
 garbage-first heap   total 69632K, used 31968K [0x00000000e0000000, 0x0000000100000000)
  region size 1024K, 3 young (3072K), 2 survivors (2048K)
 Metaspace       used 22093K, committed 22400K, reserved 1114112K
  class space    used 2303K, committed 2432K, reserved 1048576K
}
Event: 144,871 GC heap after
{Heap after GC invocations=22 (full 0):
 garbage-first heap   total 69632K, used 31285K [0x00000000e0000000, 0x0000000100000000)
  region size 1024K, 3 young (3072K), 3 survivors (3072K)
 Metaspace       used 22093K, committed 22400K, reserved 1114112K
  class space    used 2303K, committed 2432K, reserved 1048576K
}
Event: 146,244 GC heap before
{Heap before GC invocations=22 (full 0):
 garbage-first heap   total 69632K, used 32309K [0x00000000e0000000, 0x0000000100000000)
  region size 1024K, 4 young (4096K), 3 survivors (3072K)
 Metaspace       used 22093K, committed 22400K, reserved 1114112K
  class space    used 2303K, committed 2432K, reserved 1048576K
}
Event: 146,244 GC heap after
{Heap after GC invocations=23 (full 0):
 garbage-first heap   total 69632K, used 24823K [0x00000000e0000000, 0x0000000100000000)
  region size 1024K, 2 young (2048K), 2 survivors (2048K)
 Metaspace       used 22093K, committed 22400K, reserved 1114112K
  class space    used 2303K, committed 2432K, reserved 1048576K
}
Event: 146,744 GC heap before
{Heap before GC invocations=23 (full 0):
 garbage-first heap   total 69632K, used 31991K [0x00000000e0000000, 0x0000000100000000)
  region size 1024K, 3 young (3072K), 2 survivors (2048K)
 Metaspace       used 22093K, committed 22400K, reserved 1114112K
  class space    used 2303K, committed 2432K, reserved 1048576K
}
Event: 146,744 GC heap after
{Heap after GC invocations=24 (full 0):
 garbage-first heap   total 69632K, used 31037K [0x00000000e0000000, 0x0000000100000000)
  region size 1024K, 2 young (2048K), 2 survivors (2048K)
 Metaspace       used 22093K, committed 22400K, reserved 1114112K
  class space    used 2303K, committed 2432K, reserved 1048576K
}
Event: 152,887 GC heap before
{Heap before GC invocations=24 (full 0):
 garbage-first heap   total 69632K, used 33085K [0x00000000e0000000, 0x0000000100000000)
  region size 1024K, 4 young (4096K), 2 survivors (2048K)
 Metaspace       used 22144K, committed 22464K, reserved 1114112K
  class space    used 2315K, committed 2432K, reserved 1048576K
}
Event: 152,887 GC heap after
{Heap after GC invocations=25 (full 0):
 garbage-first heap   total 69632K, used 25158K [0x00000000e0000000, 0x0000000100000000)
  region size 1024K, 3 young (3072K), 3 survivors (3072K)
 Metaspace       used 22144K, committed 22464K, reserved 1114112K
  class space    used 2315K, committed 2432K, reserved 1048576K
}
Event: 153,316 GC heap before
{Heap before GC invocations=25 (full 0):
 garbage-first heap   total 69632K, used 32326K [0x00000000e0000000, 0x0000000100000000)
  region size 1024K, 4 young (4096K), 3 survivors (3072K)
 Metaspace       used 22168K, committed 22464K, reserved 1114112K
  class space    used 2315K, committed 2432K, reserved 1048576K
}
Event: 153,317 GC heap after
{Heap after GC invocations=26 (full 0):
 garbage-first heap   total 69632K, used 31102K [0x00000000e0000000, 0x0000000100000000)
  region size 1024K, 2 young (2048K), 2 survivors (2048K)
 Metaspace       used 22168K, committed 22464K, reserved 1114112K
  class space    used 2315K, committed 2432K, reserved 1048576K
}
Event: 153,335 GC heap before
{Heap before GC invocations=26 (full 0):
 garbage-first heap   total 69632K, used 32126K [0x00000000e0000000, 0x0000000100000000)
  region size 1024K, 3 young (3072K), 2 survivors (2048K)
 Metaspace       used 22168K, committed 22464K, reserved 1114112K
  class space    used 2315K, committed 2432K, reserved 1048576K
}
Event: 153,336 GC heap after
{Heap after GC invocations=27 (full 0):
 garbage-first heap   total 69632K, used 24868K [0x00000000e0000000, 0x0000000100000000)
  region size 1024K, 2 young (2048K), 2 survivors (2048K)
 Metaspace       used 22168K, committed 22464K, reserved 1114112K
  class space    used 2315K, committed 2432K, reserved 1048576K
}
Event: 153,478 GC heap before
{Heap before GC invocations=27 (full 0):
 garbage-first heap   total 69632K, used 32036K [0x00000000e0000000, 0x0000000100000000)
  region size 1024K, 3 young (3072K), 2 survivors (2048K)
 Metaspace       used 22169K, committed 22464K, reserved 1114112K
  class space    used 2315K, committed 2432K, reserved 1048576K
}
Event: 153,479 GC heap after
{Heap after GC invocations=28 (full 0):
 garbage-first heap   total 69632K, used 31052K [0x00000000e0000000, 0x0000000100000000)
  region size 1024K, 2 young (2048K), 2 survivors (2048K)
 Metaspace       used 22169K, committed 22464K, reserved 1114112K
  class space    used 2315K, committed 2432K, reserved 1048576K
}

