# JRE version: OpenJDK Runtime Environment (21.0.8+9) (build 21.0.8+9-Ubuntu-0ubuntu124.04.1)
# Java VM: OpenJDK 64-Bit Server VM (21.0.8+9-Ubuntu-0ubuntu124.04.1, mixed mode, sharing, tiered, compressed oops, compressed class ptrs, g1 gc, linux-amd64)
GC Precious Log:
 CardTable entry size: 512
 Card Set container configuration: InlinePtr #cards 5 size 8 Array Of Cards #cards 12 size 40 Howl #buckets 4 coarsen threshold 1843 Howl Bitmap #cards 512 size 80 coarsen threshold 460 Card regions per heap region 1 cards per card region 2048
 CPUs: 16 total, 16 available
 Memory: 15685M
 Large Page Support: Disabled
 NUMA Support: Disabled
 Compressed Oops: Enabled (32-bit)
 Heap Region Size: 1M
 Heap Min Capacity: 64M
 Heap Initial Capacity: 64M
 Heap Max Capacity: 512M
 Pre-touch: Disabled
 Parallel Workers: 13
 Concurrent Workers: 3
 Concurrent Refinement Workers: 13
 Periodic GC: Disabled
Heap:
 garbage-first heap   total 102400K, used 46160K [0x00000000e0000000, 0x0000000100000000)
  region size 1024K, 8 young (8192K), 4 survivors (4096K)
 Metaspace       used 24009K, committed 24320K, reserved 1114112K
  class space    used 2415K, committed 2560K, reserved 1048576K
GC Heap History (20 events):
Event: 288,006 GC heap before
{Heap before GC invocations=34 (full 0):
 garbage-first heap   total 102400K, used 79685K [0x00000000e0000000, 0x0000000100000000)
  region size 1024K, 60 young (61440K), 2 survivors (2048K)
 Metaspace       used 21657K, committed 21888K, reserved 1114112K
  class space    used 2230K, committed 2368K, reserved 1048576K
}
Event: 288,006 GC heap after
{Heap after GC invocations=35 (full 0):
 garbage-first heap   total 102400K, used 21197K [0x00000000e0000000, 0x0000000100000000)
  region size 1024K, 3 young (3072K), 3 survivors (3072K)
 Metaspace       used 21657K, committed 21888K, reserved 1114112K
  class space    used 2230K, committed 2368K, reserved 1048576K
}
Event: 292,949 GC heap before
{Heap before GC invocations=35 (full 0):
 garbage-first heap   total 102400K, used 79565K [0x00000000e0000000, 0x0000000100000000)
  region size 1024K, 60 young (61440K), 3 survivors (3072K)
 Metaspace       used 21661K, committed 21888K, reserved 1114112K
  class space    used 2230K, committed 2368K, reserved 1048576K
}
Event: 292,949 GC heap after
{Heap after GC invocations=36 (full 0):
 garbage-first heap   total 102400K, used 21717K [0x00000000e0000000, 0x0000000100000000)
  region size 1024K, 3 young (3072K), 3 survivors (3072K)
 Metaspace       used 21661K, committed 21888K, reserved 1114112K
  class space    used 2230K, committed 2368K, reserved 1048576K
}
Event: 315,731 GC heap before
{Heap before GC invocations=36 (full 0):
 garbage-first heap   total 102400K, used 84181K [0x00000000e0000000, 0x0000000100000000)
  region size 1024K, 60 young (61440K), 3 survivors (3072K)
 Metaspace       used 21730K, committed 22016K, reserved 1114112K
  class space    used 2235K, committed 2368K, reserved 1048576K
}
Event: 315,732 GC heap after
{Heap after GC invocations=37 (full 0):
 garbage-first heap   total 102400K, used 25762K [0x00000000e0000000, 0x0000000100000000)
  region size 1024K, 3 young (3072K), 3 survivors (3072K)
 Metaspace       used 21730K, committed 22016K, reserved 1114112K
  class space    used 2235K, committed 2368K, reserved 1048576K
}
Event: 330,437 GC heap before
{Heap before GC invocations=37 (full 0):
 garbage-first heap   total 102400K, used 84130K [0x00000000e0000000, 0x0000000100000000)
  region size 1024K, 60 young (61440K), 3 survivors (3072K)
 Metaspace       used 21763K, committed 22016K, reserved 1114112K
  class space    used 2235K, committed 2368K, reserved 1048576K
}
Event: 330,438 GC heap after
{Heap after GC invocations=38 (full 0):
 garbage-first heap   total 102400K, used 20166K [0x00000000e0000000, 0x0000000100000000)
  region size 1024K, 2 young (2048K), 2 survivors (2048K)
 Metaspace       used 21763K, committed 22016K, reserved 1114112K
  class space    used 2235K, committed 2368K, reserved 1048576K
}
Event: 335,587 GC heap before
{Heap before GC invocations=38 (full 0):
 garbage-first heap   total 102400K, used 79558K [0x00000000e0000000, 0x0000000100000000)
  region size 1024K, 60 young (61440K), 2 survivors (2048K)
 Metaspace       used 21764K, committed 22016K, reserved 1114112K
  class space    used 2235K, committed 2368K, reserved 1048576K
}
Event: 335,588 GC heap after
{Heap after GC invocations=39 (full 0):
 garbage-first heap   total 102400K, used 20291K [0x00000000e0000000, 0x0000000100000000)
  region size 1024K, 2 young (2048K), 2 survivors (2048K)
 Metaspace       used 21764K, committed 22016K, reserved 1114112K
  class space    used 2235K, committed 2368K, reserved 1048576K
}
Event: 370,000 GC heap before
{Heap before GC invocations=39 (full 0):
 garbage-first heap   total 102400K, used 96067K [0x00000000e0000000, 0x0000000100000000)
  region size 1024K, 60 young (61440K), 2 survivors (2048K)
 Metaspace       used 23919K, committed 24256K, reserved 1114112K
  class space    used 2415K, committed 2560K, reserved 1048576K
}
Event: 370,002 GC heap after
{Heap after GC invocations=40 (full 0):
 garbage-first heap   total 102400K, used 39709K [0x00000000e0000000, 0x0000000100000000)
  region size 1024K, 5 young (5120K), 5 survivors (5120K)
 Metaspace       used 23919K, committed 24256K, reserved 1114112K
  class space    used 2415K, committed 2560K, reserved 1048576K
}
Event: 421,124 GC heap before
{Heap before GC invocations=40 (full 0):
 garbage-first heap   total 102400K, used 95005K [0x00000000e0000000, 0x0000000100000000)
  region size 1024K, 55 young (56320K), 5 survivors (5120K)
 Metaspace       used 23961K, committed 24256K, reserved 1114112K
  class space    used 2415K, committed 2560K, reserved 1048576K
}
Event: 421,125 GC heap after
{Heap after GC invocations=41 (full 0):
 garbage-first heap   total 102400K, used 27917K [0x00000000e0000000, 0x0000000100000000)
  region size 1024K, 4 young (4096K), 4 survivors (4096K)
 Metaspace       used 23961K, committed 24256K, reserved 1114112K
  class space    used 2415K, committed 2560K, reserved 1048576K
}
Event: 434,653 GC heap before
{Heap before GC invocations=41 (full 0):
 garbage-first heap   total 102400K, used 85261K [0x00000000e0000000, 0x0000000100000000)
  region size 1024K, 60 young (61440K), 4 survivors (4096K)
 Metaspace       used 23969K, committed 24256K, reserved 1114112K
  class space    used 2415K, committed 2560K, reserved 1048576K
}
Event: 434,655 GC heap after
{Heap after GC invocations=42 (full 0):
 garbage-first heap   total 102400K, used 26656K [0x00000000e0000000, 0x0000000100000000)
  region size 1024K, 4 young (4096K), 4 survivors (4096K)
 Metaspace       used 23969K, committed 24256K, reserved 1114112K
  class space    used 2415K, committed 2560K, reserved 1048576K
}
Event: 446,941 GC heap before
{Heap before GC invocations=42 (full 0):
 garbage-first heap   total 102400K, used 88096K [0x00000000e0000000, 0x0000000100000000)
  region size 1024K, 60 young (61440K), 4 survivors (4096K)
 Metaspace       used 23972K, committed 24320K, reserved 1114112K
  class space    used 2415K, committed 2560K, reserved 1048576K
}
Event: 446,942 GC heap after
{Heap after GC invocations=43 (full 0):
 garbage-first heap   total 102400K, used 30878K [0x00000000e0000000, 0x0000000100000000)
  region size 1024K, 4 young (4096K), 4 survivors (4096K)
 Metaspace       used 23972K, committed 24320K, reserved 1114112K
  class space    used 2415K, committed 2560K, reserved 1048576K
}
Event: 450,396 GC heap before
{Heap before GC invocations=43 (full 0):
 garbage-first heap   total 102400K, used 88222K [0x00000000e0000000, 0x0000000100000000)
  region size 1024K, 60 young (61440K), 4 survivors (4096K)
 Metaspace       used 23980K, committed 24320K, reserved 1114112K
  class space    used 2415K, committed 2560K, reserved 1048576K
}
Event: 450,397 GC heap after
{Heap after GC invocations=44 (full 0):
 garbage-first heap   total 102400K, used 26704K [0x00000000e0000000, 0x0000000100000000)
  region size 1024K, 4 young (4096K), 4 survivors (4096K)
 Metaspace       used 23980K, committed 24320K, reserved 1114112K
  class space    used 2415K, committed 2560K, reserved 1048576K
}

